Determining if the pthread_create exist failed with the following output:
Change Dir: /home/greatqz/RGB-D-SLAM/build/CMakeFiles/CMakeTmp

Run Build Command:"/usr/bin/make" "cmTC_13c74/fast"
/usr/bin/make -f CMakeFiles/cmTC_13c74.dir/build.make CMakeFiles/cmTC_13c74.dir/build
make[1]: Entering directory '/home/greatqz/RGB-D-SLAM/build/CMakeFiles/CMakeTmp'
Building C object CMakeFiles/cmTC_13c74.dir/CheckSymbolExists.c.o
/usr/bin/cc     -o CMakeFiles/cmTC_13c74.dir/CheckSymbolExists.c.o   -c /home/greatqz/RGB-D-SLAM/build/CMakeFiles/CMakeTmp/CheckSymbolExists.c
Linking C executable cmTC_13c74
/usr/bin/cmake -E cmake_link_script CMakeFiles/cmTC_13c74.dir/link.txt --verbose=1
/usr/bin/cc       CMakeFiles/cmTC_13c74.dir/CheckSymbolExists.c.o  -o cmTC_13c74 -rdynamic 
CMakeFiles/cmTC_13c74.dir/CheckSymbolExists.c.o: In function `main':
CheckSymbolExists.c:(.text+0x16): undefined reference to `pthread_create'
collect2: error: ld returned 1 exit status
CMakeFiles/cmTC_13c74.dir/build.make:97: recipe for target 'cmTC_13c74' failed
make[1]: *** [cmTC_13c74] Error 1
make[1]: Leaving directory '/home/greatqz/RGB-D-SLAM/build/CMakeFiles/CMakeTmp'
Makefile:126: recipe for target 'cmTC_13c74/fast' failed
make: *** [cmTC_13c74/fast] Error 2

File /home/greatqz/RGB-D-SLAM/build/CMakeFiles/CMakeTmp/CheckSymbolExists.c:
/* */
#include <pthread.h>

int main(int argc, char** argv)
{
  (void)argv;
#ifndef pthread_create
  return ((int*)(&pthread_create))[argc];
#else
  (void)argc;
  return 0;
#endif
}

Determining if the function pthread_create exists in the pthreads failed with the following output:
Change Dir: /home/greatqz/RGB-D-SLAM/build/CMakeFiles/CMakeTmp

Run Build Command:"/usr/bin/make" "cmTC_688df/fast"
/usr/bin/make -f CMakeFiles/cmTC_688df.dir/build.make CMakeFiles/cmTC_688df.dir/build
make[1]: Entering directory '/home/greatqz/RGB-D-SLAM/build/CMakeFiles/CMakeTmp'
Building C object CMakeFiles/cmTC_688df.dir/CheckFunctionExists.c.o
/usr/bin/cc    -DCHECK_FUNCTION_EXISTS=pthread_create   -o CMakeFiles/cmTC_688df.dir/CheckFunctionExists.c.o   -c /usr/share/cmake-3.5/Modules/CheckFunctionExists.c
Linking C executable cmTC_688df
/usr/bin/cmake -E cmake_link_script CMakeFiles/cmTC_688df.dir/link.txt --verbose=1
/usr/bin/cc   -DCHECK_FUNCTION_EXISTS=pthread_create    CMakeFiles/cmTC_688df.dir/CheckFunctionExists.c.o  -o cmTC_688df -rdynamic -lpthreads 
/usr/bin/ld: cannot find -lpthreads
collect2: error: ld returned 1 exit status
CMakeFiles/cmTC_688df.dir/build.make:97: recipe for target 'cmTC_688df' failed
make[1]: *** [cmTC_688df] Error 1
make[1]: Leaving directory '/home/greatqz/RGB-D-SLAM/build/CMakeFiles/CMakeTmp'
Makefile:126: recipe for target 'cmTC_688df/fast' failed
make: *** [cmTC_688df/fast] Error 2


